[+0.00s] DEBUG: Logging to /var/log/lightdm/lightdm.log
[+0.00s] DEBUG: Starting Light Display Manager 1.30.0, UID=0 PID=511
[+0.00s] DEBUG: Loading configuration dirs from /usr/share/lightdm/lightdm.conf.d
[+0.00s] DEBUG: Loading configuration dirs from /usr/local/share/lightdm/lightdm.conf.d
[+0.00s] DEBUG: Loading configuration dirs from /etc/xdg/lightdm/lightdm.conf.d
[+0.00s] DEBUG: Loading configuration from /etc/lightdm/lightdm.conf
[+0.00s] DEBUG:   [LightDM] contains unknown option display-setup-script
[+0.00s] DEBUG: Registered seat module local
[+0.00s] DEBUG: Registered seat module xremote
[+0.00s] DEBUG: Using D-Bus name org.freedesktop.DisplayManager
[+0.00s] DEBUG: _g_io_module_get_default: Found default implementation local (GLocalVfs) for ‘gio-vfs’
[+0.95s] DEBUG: Monitoring logind for seats
[+0.95s] DEBUG: New seat added from logind: seat0
[+0.95s] DEBUG: Seat seat0: Loading properties from config section Seat:*
[+0.95s] DEBUG: Seat seat0: Starting
[+0.95s] DEBUG: Seat seat0: Creating greeter session
[+0.95s] DEBUG: Seat seat0: Creating display server of type x
[+0.95s] DEBUG: posix_spawn avoided (fd close requested) 
[+0.95s] DEBUG: Could not run plymouth --ping: Failed to execute child process “plymouth” (No such file or directory)
[+0.95s] DEBUG: Using VT 7
[+0.95s] DEBUG: Seat seat0: Starting local X display on VT 7
[+0.95s] DEBUG: XServer 0: Logging to /var/log/lightdm/x-0.log
[+0.95s] DEBUG: XServer 0: Writing X server authority to /run/lightdm/root/:0
[+0.95s] DEBUG: XServer 0: Launching X Server
[+0.95s] DEBUG: Launching process 524: /usr/bin/X :0 -seat seat0 -auth /run/lightdm/root/:0 -nolisten tcp vt7 -novtswitch
[+0.95s] DEBUG: XServer 0: Waiting for ready signal from X server :0
[+0.95s] DEBUG: Acquired bus name org.freedesktop.DisplayManager
[+0.95s] DEBUG: Registering seat with bus path /org/freedesktop/DisplayManager/Seat0
[+0.95s] WARNING: Error getting user list from org.freedesktop.Accounts: GDBus.Error:org.freedesktop.DBus.Error.ServiceUnknown: The name org.freedesktop.Accounts was not provided by any .service files
[+0.95s] DEBUG: Loading user config from /etc/lightdm/users.conf
[+0.96s] DEBUG: User lj added
[+0.96s] DEBUG: posix_spawn avoided (automatic reaping requested) (fd close requested) 
[+1.92s] DEBUG: Got signal 10 from process 524
[+1.92s] DEBUG: XServer 0: Got signal from X server :0
[+1.92s] DEBUG: XServer 0: Connecting to XServer :0
[+1.92s] DEBUG: posix_spawn avoided (fd close requested) (child_setup specified) 
[+1.92s] DEBUG: Seat seat0: Display server ready, starting session authentication
[+1.92s] DEBUG: Session pid=531: Started with service 'lightdm-greeter', username 'lightdm'
[+1.93s] DEBUG: Session pid=531: Authentication complete with return value 0: Success
[+1.93s] DEBUG: Seat seat0: Session authenticated, running command
[+1.93s] DEBUG: Session pid=531: Running command /usr/bin/lightdm-gtk-greeter
[+1.93s] DEBUG: Creating shared data directory /var/lib/lightdm-data/lightdm
[+1.93s] DEBUG: Session pid=531: Logging to /var/log/lightdm/seat0-greeter.log
[+2.01s] DEBUG: Activating VT 7
[+2.01s] DEBUG: Activating login1 session c1
[+2.01s] DEBUG: Seat seat0 changes active session to c1
[+2.01s] DEBUG: Session c1 is already active
[+2.21s] DEBUG: Greeter connected version=1.30.0 api=1 resettable=false
[+2.33s] DEBUG: Greeter start authentication for lj
[+2.33s] DEBUG: Session pid=570: Started with service 'lightdm', username 'lj'
[+2.34s] DEBUG: Session pid=570: Got 1 message(s) from PAM
[+2.34s] DEBUG: Prompt greeter with 1 message(s)
[+189.64s] DEBUG: Seat seat0 changes active session to 2
