
X.Org X Server 1.20.5
X Protocol Version 11, Revision 0
Build Operating System: Linux Arch Linux
Current Operating System: Linux ljArch 5.2.13-arch1-1-ARCH #1 SMP PREEMPT Fri Sep 6 17:52:33 UTC 2019 x86_64
Kernel command line: initrd=\intel-ucode.img initrd=\initramfs-linux.img root=LABEL=ROOT rw
Build Date: 30 June 2019  09:52:01AM
 
Current version of pixman: 0.38.4
	Before reporting problems, check http://wiki.x.org
	to make sure that you have the latest version.
Markers: (--) probed, (**) from config file, (==) default setting,
	(++) from command line, (!!) notice, (II) informational,
	(WW) warning, (EE) error, (NI) not implemented, (??) unknown.
(==) Log file: "/var/log/Xorg.0.log", Time: Fri Sep 13 19:20:52 2019
(==) Using config file: "/etc/X11/xorg.conf"
(==) Using config directory: "/etc/X11/xorg.conf.d"
(==) Using system config directory "/usr/share/X11/xorg.conf.d"
The XKEYBOARD keymap compiler (xkbcomp) reports:
> Warning:          Unsupported high keycode 372 for name <I372> ignored
>                   X11 cannot support keycodes above 255.
>                   This warning only shows for the first high keycode.
> Internal error:   Could not resolve keysym XF86MonBrightnessCycle
> Internal error:   Could not resolve keysym XF86RotationLockToggle
Errors from xkbcomp are not fatal to the X server
