[   253.041] (WW) Failed to open protocol names file lib/xorg/protocol.txt
[   253.042] 
X.Org X Server 1.20.5
X Protocol Version 11, Revision 0
[   253.042] Build Operating System: Linux Arch Linux
[   253.042] Current Operating System: Linux ljArch 5.2.13-arch1-1-ARCH #1 SMP PREEMPT Fri Sep 6 17:52:33 UTC 2019 x86_64
[   253.042] Kernel command line: initrd=\intel-ucode.img initrd=\initramfs-linux.img root=LABEL=ROOT rw
[   253.042] Build Date: 30 June 2019  09:52:01AM
[   253.042]  
[   253.042] Current version of pixman: 0.38.4
[   253.042] 	Before reporting problems, check http://wiki.x.org
	to make sure that you have the latest version.
[   253.042] Markers: (--) probed, (**) from config file, (==) default setting,
	(++) from command line, (!!) notice, (II) informational,
	(WW) warning, (EE) error, (NI) not implemented, (??) unknown.
[   253.043] (==) Log file: "/var/log/Xorg.1.log", Time: Fri Sep 13 18:45:21 2019
[   253.044] (==) Using config file: "/etc/X11/xorg.conf"
[   253.044] (==) Using system config directory "/usr/share/X11/xorg.conf.d"
[   253.044] (==) No Layout section.  Using the first Screen section.
[   253.044] (==) No screen section available. Using defaults.
[   253.044] (**) |-->Screen "Default Screen Section" (0)
[   253.044] (**) |   |-->Monitor "<default monitor>"
[   253.045] (==) No device specified for screen "Default Screen Section".
	Using the first device section listed.
[   253.045] (**) |   |-->Device "nvidia"
[   253.045] (==) No monitor specified for screen "Default Screen Section".
	Using a default monitor configuration.
[   253.045] (==) Automatically adding devices
[   253.045] (==) Automatically enabling devices
[   253.045] (==) Automatically adding GPU devices
[   253.045] (==) Automatically binding GPU devices
[   253.045] (==) Max clients allowed: 256, resource mask: 0x1fffff
[   253.045] (WW) `fonts.dir' not found (or not valid) in "/usr/share/fonts/misc".
[   253.045] 	Entry deleted from font path.
[   253.045] 	(Run 'mkfontdir' on "/usr/share/fonts/misc").
[   253.045] (WW) The directory "/usr/share/fonts/TTF" does not exist.
[   253.045] 	Entry deleted from font path.
[   253.045] (WW) The directory "/usr/share/fonts/OTF" does not exist.
[   253.045] 	Entry deleted from font path.
[   253.045] (WW) The directory "/usr/share/fonts/Type1" does not exist.
[   253.045] 	Entry deleted from font path.
[   253.045] (==) FontPath set to:
	/usr/share/fonts/100dpi,
	/usr/share/fonts/75dpi
[   253.045] (==) ModulePath set to "/usr/lib/xorg/modules"
[   253.045] (II) The server relies on udev to provide the list of input devices.
	If no devices become available, reconfigure udev or disable AutoAddDevices.
[   253.045] (II) Module ABI versions:
[   253.045] 	X.Org ANSI C Emulation: 0.4
[   253.045] 	X.Org Video Driver: 24.0
[   253.045] 	X.Org XInput driver : 24.1
[   253.045] 	X.Org Server Extension : 10.0
[   253.045] (++) using VT number 2

[   253.047] (II) systemd-logind: took control of session /org/freedesktop/login1/session/_32
[   253.047] (II) xfree86: Adding drm device (/dev/dri/card0)
[   253.048] (II) systemd-logind: got fd for /dev/dri/card0 226:0 fd 10 paused 0
[   253.048] (**) OutputClass "nvidia" ModulePath extended to "/usr/lib/nvidia/xorg,/usr/lib/xorg/modules,/usr/lib/xorg/modules"
[   253.048] (**) OutputClass "nvidia" setting /dev/dri/card0 as PrimaryGPU
[   253.049] (--) PCI: (0@0:2:0) 8086:0416:1558:6501 rev 6, Mem @ 0xf7400000/4194304, 0xd0000000/268435456, I/O @ 0x0000f000/64, BIOS @ 0x????????/131072
[   253.049] (--) PCI:*(1@0:0:0) 10de:1391:1558:6501 rev 162, Mem @ 0xf6000000/16777216, 0xe0000000/268435456, 0xf0000000/33554432, I/O @ 0x0000e000/128, BIOS @ 0x????????/524288
[   253.049] (WW) Open ACPI failed (/var/run/acpid.socket) (No such file or directory)
[   253.049] (II) "glx" will be loaded by default.
[   253.049] (II) LoadModule: "modesetting"
[   253.049] (II) Loading /usr/lib/xorg/modules/drivers/modesetting_drv.so
[   253.050] (II) Module modesetting: vendor="X.Org Foundation"
[   253.050] 	compiled for 1.20.5, module version = 1.20.5
[   253.050] 	Module class: X.Org Video Driver
[   253.050] 	ABI class: X.Org Video Driver, version 24.0
[   253.050] (II) LoadModule: "glx"
[   253.050] (II) Loading /usr/lib/xorg/modules/extensions/libglx.so
[   253.051] (II) Module glx: vendor="X.Org Foundation"
[   253.051] 	compiled for 1.20.5, module version = 1.0.0
[   253.051] 	ABI class: X.Org Server Extension, version 10.0
[   253.051] (II) LoadModule: "nvidia"
[   253.051] (II) Loading /usr/lib/xorg/modules/drivers/nvidia_drv.so
[   253.051] (II) Module nvidia: vendor="NVIDIA Corporation"
[   253.051] 	compiled for 1.6.99.901, module version = 1.0.0
[   253.051] 	Module class: X.Org Video Driver
[   253.051] (II) modesetting: Driver for Modesetting Kernel Drivers: kms
[   253.052] (II) NVIDIA dlloader X Driver  435.21  Sun Aug 25 08:17:08 CDT 2019
[   253.052] (II) NVIDIA Unified Driver for all Supported NVIDIA GPUs
[   253.052] (WW) Falling back to old probe method for modesetting
[   253.052] (II) systemd-logind: releasing fd for 226:0
[   253.052] (II) Loading sub module "fb"
[   253.052] (II) LoadModule: "fb"
[   253.052] (II) Loading /usr/lib/xorg/modules/libfb.so
[   253.052] (II) Module fb: vendor="X.Org Foundation"
[   253.052] 	compiled for 1.20.5, module version = 1.0.0
[   253.052] 	ABI class: X.Org ANSI C Emulation, version 0.4
[   253.052] (II) Loading sub module "wfb"
[   253.052] (II) LoadModule: "wfb"
[   253.052] (II) Loading /usr/lib/xorg/modules/libwfb.so
[   253.052] (II) Module wfb: vendor="X.Org Foundation"
[   253.052] 	compiled for 1.20.5, module version = 1.0.0
[   253.052] 	ABI class: X.Org ANSI C Emulation, version 0.4
[   253.053] (II) Loading sub module "ramdac"
[   253.053] (II) LoadModule: "ramdac"
[   253.053] (II) Module "ramdac" already built-in
[   253.053] (II) NVIDIA(0): Creating default Display subsection in Screen section
	"Default Screen Section" for depth/fbbpp 24/32
[   253.053] (==) NVIDIA(0): Depth 24, (==) framebuffer bpp 32
[   253.053] (==) NVIDIA(0): RGB weight 888
[   253.053] (==) NVIDIA(0): Default visual is TrueColor
[   253.053] (==) NVIDIA(0): Using gamma correction (1.0, 1.0, 1.0)
[   253.053] (II) Applying OutputClass "nvidia" options to /dev/dri/card0
[   253.053] (**) NVIDIA(0): Option "AllowEmptyInitialConfiguration"
[   253.053] (**) NVIDIA(0): Enabling 2D acceleration
[   253.053] (II) Loading sub module "glxserver_nvidia"
[   253.053] (II) LoadModule: "glxserver_nvidia"
[   253.053] (II) Loading /usr/lib/nvidia/xorg/libglxserver_nvidia.so
[   253.058] (II) Module glxserver_nvidia: vendor="NVIDIA Corporation"
[   253.058] 	compiled for 1.6.99.901, module version = 1.0.0
[   253.058] 	Module class: X.Org Server Extension
[   253.058] (II) NVIDIA GLX Module  435.21  Sun Aug 25 08:14:27 CDT 2019
[   253.058] (II) NVIDIA: The X server does not support PRIME Render Offload.
[   253.059] (II) NVIDIA(0): NVIDIA GPU GeForce GTX 850M (GM107-A) at PCI:1:0:0 (GPU-0)
[   253.059] (--) NVIDIA(0): Memory: 2097152 kBytes
[   253.059] (--) NVIDIA(0): VideoBIOS: 82.07.19.00.09
[   253.059] (II) NVIDIA(0): Detected PCI Express Link width: 16X
[   253.059] (II) NVIDIA(0): Validated MetaModes:
[   253.059] (II) NVIDIA(0):     "NULL"
[   253.059] (II) NVIDIA(0): Virtual screen size determined to be 640 x 480
[   253.059] (WW) NVIDIA(0): Unable to get display device for DPI computation.
[   253.059] (==) NVIDIA(0): DPI set to (75, 75); computed from built-in default
[   253.059] (II) UnloadModule: "modesetting"
[   253.059] (II) Unloading modesetting
[   253.060] (II) NVIDIA: Using 6144.00 MB of virtual memory for indirect memory
[   253.060] (II) NVIDIA:     access.
[   253.062] (II) NVIDIA(0): ACPI: failed to connect to the ACPI event daemon; the daemon
[   253.062] (II) NVIDIA(0):     may not be running or the "AcpidSocketPath" X
[   253.062] (II) NVIDIA(0):     configuration option may not be set correctly.  When the
[   253.062] (II) NVIDIA(0):     ACPI event daemon is available, the NVIDIA X driver will
[   253.062] (II) NVIDIA(0):     try to use it to receive ACPI event notifications.  For
[   253.062] (II) NVIDIA(0):     details, please see the "ConnectToAcpid" and
[   253.062] (II) NVIDIA(0):     "AcpidSocketPath" X configuration options in Appendix B: X
[   253.062] (II) NVIDIA(0):     Config Options in the README.
[   253.080] (II) NVIDIA(0): Setting mode "NULL"
[   253.083] (==) NVIDIA(0): Disabling shared memory pixmaps
[   253.083] (==) NVIDIA(0): Backing store enabled
[   253.083] (==) NVIDIA(0): Silken mouse disabled
[   253.083] (==) NVIDIA(0): DPMS enabled
[   253.083] (WW) NVIDIA(0): Option "PrimaryGPU" is not used
[   253.083] (II) Loading sub module "dri2"
[   253.083] (II) LoadModule: "dri2"
[   253.083] (II) Module "dri2" already built-in
[   253.083] (II) NVIDIA(0): [DRI2] Setup complete
[   253.083] (II) NVIDIA(0): [DRI2]   VDPAU driver: nvidia
[   253.083] (II) Initializing extension Generic Event Extension
[   253.083] (II) Initializing extension SHAPE
[   253.083] (II) Initializing extension MIT-SHM
[   253.083] (II) Initializing extension XInputExtension
[   253.083] (II) Initializing extension XTEST
[   253.084] (II) Initializing extension BIG-REQUESTS
[   253.084] (II) Initializing extension SYNC
[   253.084] (II) Initializing extension XKEYBOARD
[   253.084] (II) Initializing extension XC-MISC
[   253.084] (II) Initializing extension SECURITY
[   253.084] (II) Initializing extension XFIXES
[   253.084] (II) Initializing extension RENDER
[   253.084] (II) Initializing extension RANDR
[   253.084] (II) Initializing extension COMPOSITE
[   253.084] (II) Initializing extension DAMAGE
[   253.084] (II) Initializing extension MIT-SCREEN-SAVER
[   253.084] (II) Initializing extension DOUBLE-BUFFER
[   253.084] (II) Initializing extension RECORD
[   253.084] (II) Initializing extension DPMS
[   253.084] (II) Initializing extension Present
[   253.084] (II) Initializing extension DRI3
[   253.084] (II) Initializing extension X-Resource
[   253.084] (II) Initializing extension XVideo
[   253.084] (II) Initializing extension XVideo-MotionCompensation
[   253.084] (II) Initializing extension GLX
[   253.084] (II) Initializing extension GLX
[   253.084] (II) Indirect GLX disabled.
[   253.084] (II) GLX: Another vendor is already registered for screen 0
[   253.084] (II) Initializing extension XFree86-VidModeExtension
[   253.084] (II) Initializing extension XFree86-DGA
[   253.084] (II) Initializing extension XFree86-DRI
[   253.084] (II) Initializing extension DRI2
[   253.084] (II) Initializing extension NV-GLX
[   253.084] (II) Initializing extension NV-CONTROL
[   253.133] (II) config/udev: Adding input device Power Button (/dev/input/event3)
[   253.133] (**) Power Button: Applying InputClass "libinput keyboard catchall"
[   253.133] (II) LoadModule: "libinput"
[   253.133] (II) Loading /usr/lib/xorg/modules/input/libinput_drv.so
[   253.134] (II) Module libinput: vendor="X.Org Foundation"
[   253.134] 	compiled for 1.20.5, module version = 0.29.0
[   253.134] 	Module class: X.Org XInput Driver
[   253.134] 	ABI class: X.Org XInput driver, version 24.1
[   253.134] (II) Using input driver 'libinput' for 'Power Button'
[   253.135] (II) systemd-logind: got fd for /dev/input/event3 13:67 fd 30 paused 0
[   253.135] (**) Power Button: always reports core events
[   253.135] (**) Option "Device" "/dev/input/event3"
[   253.135] (**) Option "_source" "server/udev"
[   253.136] (II) event3  - Power Button: is tagged by udev as: Keyboard
[   253.136] (II) event3  - Power Button: device is a keyboard
[   253.136] (II) event3  - Power Button: device removed
[   253.136] (**) Option "config_info" "udev:/sys/devices/LNXSYSTM:00/LNXPWRBN:00/input/input3/event3"
[   253.136] (II) XINPUT: Adding extended input device "Power Button" (type: KEYBOARD, id 6)
[   253.137] (II) event3  - Power Button: is tagged by udev as: Keyboard
[   253.137] (II) event3  - Power Button: device is a keyboard
[   253.137] (II) config/udev: Adding input device Power Button (/dev/input/event0)
[   253.137] (**) Power Button: Applying InputClass "libinput keyboard catchall"
[   253.137] (II) Using input driver 'libinput' for 'Power Button'
[   253.137] (II) systemd-logind: got fd for /dev/input/event0 13:64 fd 33 paused 0
[   253.137] (**) Power Button: always reports core events
[   253.137] (**) Option "Device" "/dev/input/event0"
[   253.137] (**) Option "_source" "server/udev"
[   253.138] (II) event0  - Power Button: is tagged by udev as: Keyboard
[   253.138] (II) event0  - Power Button: device is a keyboard
[   253.138] (II) event0  - Power Button: device removed
[   253.138] (**) Option "config_info" "udev:/sys/devices/LNXSYSTM:00/LNXSYBUS:00/PNP0C0C:00/input/input0/event0"
[   253.138] (II) XINPUT: Adding extended input device "Power Button" (type: KEYBOARD, id 7)
[   253.139] (II) event0  - Power Button: is tagged by udev as: Keyboard
[   253.139] (II) event0  - Power Button: device is a keyboard
[   253.139] (II) config/udev: Adding input device Lid Switch (/dev/input/event2)
[   253.139] (II) No input driver specified, ignoring this device.
[   253.139] (II) This device may have been added with another device file.
[   253.139] (II) config/udev: Adding input device Sleep Button (/dev/input/event1)
[   253.139] (**) Sleep Button: Applying InputClass "libinput keyboard catchall"
[   253.139] (II) Using input driver 'libinput' for 'Sleep Button'
[   253.140] (II) systemd-logind: got fd for /dev/input/event1 13:65 fd 34 paused 0
[   253.140] (**) Sleep Button: always reports core events
[   253.140] (**) Option "Device" "/dev/input/event1"
[   253.140] (**) Option "_source" "server/udev"
[   253.140] (II) event1  - Sleep Button: is tagged by udev as: Keyboard
[   253.140] (II) event1  - Sleep Button: device is a keyboard
[   253.140] (II) event1  - Sleep Button: device removed
[   253.141] (**) Option "config_info" "udev:/sys/devices/LNXSYSTM:00/LNXSYBUS:00/PNP0C0E:00/input/input1/event1"
[   253.141] (II) XINPUT: Adding extended input device "Sleep Button" (type: KEYBOARD, id 8)
[   253.141] (II) event1  - Sleep Button: is tagged by udev as: Keyboard
[   253.141] (II) event1  - Sleep Button: device is a keyboard
[   253.142] (II) config/udev: Adding input device Logitech Gaming Mouse G502 (/dev/input/event5)
[   253.142] (**) Logitech Gaming Mouse G502: Applying InputClass "libinput pointer catchall"
[   253.142] (II) Using input driver 'libinput' for 'Logitech Gaming Mouse G502'
[   253.199] (II) systemd-logind: got fd for /dev/input/event5 13:69 fd 35 paused 0
[   253.199] (**) Logitech Gaming Mouse G502: always reports core events
[   253.199] (**) Option "Device" "/dev/input/event5"
[   253.199] (**) Option "_source" "server/udev"
[   253.201] (II) event5  - Logitech Gaming Mouse G502: is tagged by udev as: Mouse
[   253.201] (II) event5  - Logitech Gaming Mouse G502: device set to 2400 DPI
[   253.201] (II) event5  - Logitech Gaming Mouse G502: device is a pointer
[   253.201] (II) event5  - Logitech Gaming Mouse G502: device removed
[   253.201] (**) Option "config_info" "udev:/sys/devices/pci0000:00/0000:00:14.0/usb2/2-2/2-2:1.0/0003:046D:C332.0001/input/input15/event5"
[   253.201] (II) XINPUT: Adding extended input device "Logitech Gaming Mouse G502" (type: MOUSE, id 9)
[   253.201] (**) Option "AccelerationScheme" "none"
[   253.201] (**) Logitech Gaming Mouse G502: (accel) selected scheme none/0
[   253.201] (**) Logitech Gaming Mouse G502: (accel) acceleration factor: 2.000
[   253.201] (**) Logitech Gaming Mouse G502: (accel) acceleration threshold: 4
[   253.202] (II) event5  - Logitech Gaming Mouse G502: is tagged by udev as: Mouse
[   253.203] (II) event5  - Logitech Gaming Mouse G502: device set to 2400 DPI
[   253.203] (II) event5  - Logitech Gaming Mouse G502: device is a pointer
[   253.203] (II) config/udev: Adding input device Logitech Gaming Mouse G502 (/dev/input/mouse0)
[   253.203] (II) No input driver specified, ignoring this device.
[   253.203] (II) This device may have been added with another device file.
[   253.204] (II) config/udev: Adding input device Logitech Tunable RGB Gaming Mouse G502 (/dev/input/event6)
[   253.204] (**) Logitech Tunable RGB Gaming Mouse G502: Applying InputClass "libinput keyboard catchall"
[   253.204] (II) Using input driver 'libinput' for 'Logitech Tunable RGB Gaming Mouse G502'
[   253.205] (II) systemd-logind: got fd for /dev/input/event6 13:70 fd 36 paused 0
[   253.205] (**) Logitech Tunable RGB Gaming Mouse G502: always reports core events
[   253.205] (**) Option "Device" "/dev/input/event6"
[   253.205] (**) Option "_source" "server/udev"
[   253.207] (II) event6  - Logitech Tunable RGB Gaming Mouse G502: is tagged by udev as: Keyboard
[   253.207] (II) event6  - Logitech Tunable RGB Gaming Mouse G502: device is a keyboard
[   253.207] (II) event6  - Logitech Tunable RGB Gaming Mouse G502: device removed
[   253.207] (II) libinput: Logitech Tunable RGB Gaming Mouse G502: needs a virtual subdevice
[   253.207] (**) Option "config_info" "udev:/sys/devices/pci0000:00/0000:00:14.0/usb2/2-2/2-2:1.1/0003:046D:C332.0002/input/input16/event6"
[   253.207] (II) XINPUT: Adding extended input device "Logitech Tunable RGB Gaming Mouse G502" (type: MOUSE, id 10)
[   253.207] (**) Option "AccelerationScheme" "none"
[   253.207] (**) Logitech Tunable RGB Gaming Mouse G502: (accel) selected scheme none/0
[   253.207] (**) Logitech Tunable RGB Gaming Mouse G502: (accel) acceleration factor: 2.000
[   253.207] (**) Logitech Tunable RGB Gaming Mouse G502: (accel) acceleration threshold: 4
[   253.209] (II) event6  - Logitech Tunable RGB Gaming Mouse G502: is tagged by udev as: Keyboard
[   253.209] (II) event6  - Logitech Tunable RGB Gaming Mouse G502: device is a keyboard
[   253.210] (II) config/udev: Adding input device Logitech USB Keyboard (/dev/input/event7)
[   253.210] (**) Logitech USB Keyboard: Applying InputClass "libinput keyboard catchall"
[   253.210] (II) Using input driver 'libinput' for 'Logitech USB Keyboard'
[   253.211] (II) systemd-logind: got fd for /dev/input/event7 13:71 fd 37 paused 0
[   253.211] (**) Logitech USB Keyboard: always reports core events
[   253.211] (**) Option "Device" "/dev/input/event7"
[   253.211] (**) Option "_source" "server/udev"
[   253.212] (II) event7  - Logitech USB Keyboard: is tagged by udev as: Keyboard
[   253.213] (II) event7  - Logitech USB Keyboard: device is a keyboard
[   253.213] (II) event7  - Logitech USB Keyboard: device removed
[   253.213] (**) Option "config_info" "udev:/sys/devices/pci0000:00/0000:00:14.0/usb2/2-6/2-6:1.0/0003:046D:C31C.0003/input/input17/event7"
[   253.213] (II) XINPUT: Adding extended input device "Logitech USB Keyboard" (type: KEYBOARD, id 11)
[   253.214] (II) event7  - Logitech USB Keyboard: is tagged by udev as: Keyboard
[   253.214] (II) event7  - Logitech USB Keyboard: device is a keyboard
[   253.215] (II) config/udev: Adding input device Logitech USB Keyboard Consumer Control (/dev/input/event8)
[   253.215] (**) Logitech USB Keyboard Consumer Control: Applying InputClass "libinput keyboard catchall"
[   253.215] (II) Using input driver 'libinput' for 'Logitech USB Keyboard Consumer Control'
[   253.216] (II) systemd-logind: got fd for /dev/input/event8 13:72 fd 38 paused 0
[   253.216] (**) Logitech USB Keyboard Consumer Control: always reports core events
[   253.216] (**) Option "Device" "/dev/input/event8"
[   253.216] (**) Option "_source" "server/udev"
[   253.217] (II) event8  - Logitech USB Keyboard Consumer Control: is tagged by udev as: Keyboard
[   253.217] (II) event8  - Logitech USB Keyboard Consumer Control: device is a keyboard
[   253.217] (II) event8  - Logitech USB Keyboard Consumer Control: device removed
[   253.217] (**) Option "config_info" "udev:/sys/devices/pci0000:00/0000:00:14.0/usb2/2-6/2-6:1.1/0003:046D:C31C.0004/input/input18/event8"
[   253.217] (II) XINPUT: Adding extended input device "Logitech USB Keyboard Consumer Control" (type: KEYBOARD, id 12)
[   253.218] (II) event8  - Logitech USB Keyboard Consumer Control: is tagged by udev as: Keyboard
[   253.218] (II) event8  - Logitech USB Keyboard Consumer Control: device is a keyboard
[   253.219] (II) config/udev: Adding input device Logitech USB Keyboard System Control (/dev/input/event9)
[   253.219] (**) Logitech USB Keyboard System Control: Applying InputClass "libinput keyboard catchall"
[   253.219] (II) Using input driver 'libinput' for 'Logitech USB Keyboard System Control'
[   253.219] (II) systemd-logind: got fd for /dev/input/event9 13:73 fd 39 paused 0
[   253.219] (**) Logitech USB Keyboard System Control: always reports core events
[   253.219] (**) Option "Device" "/dev/input/event9"
[   253.219] (**) Option "_source" "server/udev"
[   253.220] (II) event9  - Logitech USB Keyboard System Control: is tagged by udev as: Keyboard
[   253.220] (II) event9  - Logitech USB Keyboard System Control: device is a keyboard
[   253.220] (II) event9  - Logitech USB Keyboard System Control: device removed
[   253.220] (**) Option "config_info" "udev:/sys/devices/pci0000:00/0000:00:14.0/usb2/2-6/2-6:1.1/0003:046D:C31C.0004/input/input19/event9"
[   253.220] (II) XINPUT: Adding extended input device "Logitech USB Keyboard System Control" (type: KEYBOARD, id 13)
[   253.221] (II) event9  - Logitech USB Keyboard System Control: is tagged by udev as: Keyboard
[   253.221] (II) event9  - Logitech USB Keyboard System Control: device is a keyboard
[   253.221] (II) config/udev: Adding input device Chicony USB 2.0 Camera: Chicony (/dev/input/event11)
[   253.221] (**) Chicony USB 2.0 Camera: Chicony: Applying InputClass "libinput keyboard catchall"
[   253.221] (II) Using input driver 'libinput' for 'Chicony USB 2.0 Camera: Chicony'
[   253.222] (II) systemd-logind: got fd for /dev/input/event11 13:75 fd 40 paused 0
[   253.222] (**) Chicony USB 2.0 Camera: Chicony: always reports core events
[   253.222] (**) Option "Device" "/dev/input/event11"
[   253.222] (**) Option "_source" "server/udev"
[   253.223] (II) event11 - Chicony USB 2.0 Camera: Chicony: is tagged by udev as: Keyboard
[   253.223] (II) event11 - Chicony USB 2.0 Camera: Chicony: device is a keyboard
[   253.223] (II) event11 - Chicony USB 2.0 Camera: Chicony: device removed
[   253.223] (**) Option "config_info" "udev:/sys/devices/pci0000:00/0000:00:14.0/usb2/2-8/2-8:1.0/input/input23/event11"
[   253.223] (II) XINPUT: Adding extended input device "Chicony USB 2.0 Camera: Chicony" (type: KEYBOARD, id 14)
[   253.224] (II) event11 - Chicony USB 2.0 Camera: Chicony: is tagged by udev as: Keyboard
[   253.224] (II) event11 - Chicony USB 2.0 Camera: Chicony: device is a keyboard
[   253.224] (II) config/udev: Adding input device HDA Intel PCH Mic (/dev/input/event12)
[   253.224] (II) No input driver specified, ignoring this device.
[   253.224] (II) This device may have been added with another device file.
[   253.224] (II) config/udev: Adding input device HDA Intel PCH Front Headphone (/dev/input/event13)
[   253.224] (II) No input driver specified, ignoring this device.
[   253.224] (II) This device may have been added with another device file.
[   253.225] (II) config/udev: Adding input device AT Translated Set 2 keyboard (/dev/input/event4)
[   253.225] (**) AT Translated Set 2 keyboard: Applying InputClass "libinput keyboard catchall"
[   253.225] (II) Using input driver 'libinput' for 'AT Translated Set 2 keyboard'
[   253.225] (II) systemd-logind: got fd for /dev/input/event4 13:68 fd 41 paused 0
[   253.225] (**) AT Translated Set 2 keyboard: always reports core events
[   253.225] (**) Option "Device" "/dev/input/event4"
[   253.225] (**) Option "_source" "server/udev"
[   253.226] (II) event4  - AT Translated Set 2 keyboard: is tagged by udev as: Keyboard
[   253.226] (II) event4  - AT Translated Set 2 keyboard: device is a keyboard
[   253.226] (II) event4  - AT Translated Set 2 keyboard: device removed
[   253.226] (**) Option "config_info" "udev:/sys/devices/platform/i8042/serio0/input/input4/event4"
[   253.226] (II) XINPUT: Adding extended input device "AT Translated Set 2 keyboard" (type: KEYBOARD, id 15)
[   253.227] (II) event4  - AT Translated Set 2 keyboard: is tagged by udev as: Keyboard
[   253.227] (II) event4  - AT Translated Set 2 keyboard: device is a keyboard
[   253.227] (II) config/udev: Adding input device ETPS/2 Elantech Touchpad (/dev/input/event14)
[   253.228] (**) ETPS/2 Elantech Touchpad: Applying InputClass "libinput touchpad catchall"
[   253.228] (II) Using input driver 'libinput' for 'ETPS/2 Elantech Touchpad'
[   253.228] (II) systemd-logind: got fd for /dev/input/event14 13:78 fd 42 paused 0
[   253.228] (**) ETPS/2 Elantech Touchpad: always reports core events
[   253.228] (**) Option "Device" "/dev/input/event14"
[   253.228] (**) Option "_source" "server/udev"
[   253.229] (II) event14 - ETPS/2 Elantech Touchpad: is tagged by udev as: Touchpad
[   253.229] (II) event14 - ETPS/2 Elantech Touchpad: device is a touchpad
[   253.229] (II) event14 - ETPS/2 Elantech Touchpad: device removed
[   253.229] (**) Option "config_info" "udev:/sys/devices/platform/i8042/serio2/input/input22/event14"
[   253.229] (II) XINPUT: Adding extended input device "ETPS/2 Elantech Touchpad" (type: TOUCHPAD, id 16)
[   253.230] (**) Option "AccelerationScheme" "none"
[   253.230] (**) ETPS/2 Elantech Touchpad: (accel) selected scheme none/0
[   253.230] (**) ETPS/2 Elantech Touchpad: (accel) acceleration factor: 2.000
[   253.230] (**) ETPS/2 Elantech Touchpad: (accel) acceleration threshold: 4
[   253.230] (II) event14 - ETPS/2 Elantech Touchpad: is tagged by udev as: Touchpad
[   253.231] (II) event14 - ETPS/2 Elantech Touchpad: device is a touchpad
[   253.231] (II) config/udev: Adding input device ETPS/2 Elantech Touchpad (/dev/input/mouse1)
[   253.231] (II) No input driver specified, ignoring this device.
[   253.231] (II) This device may have been added with another device file.
[   253.231] (II) config/udev: Adding input device PC Speaker (/dev/input/event10)
[   253.231] (II) No input driver specified, ignoring this device.
[   253.231] (II) This device may have been added with another device file.
[   253.234] (**) Logitech Tunable RGB Gaming Mouse G502: Applying InputClass "libinput keyboard catchall"
[   253.234] (II) Using input driver 'libinput' for 'Logitech Tunable RGB Gaming Mouse G502'
[   253.234] (II) systemd-logind: returning pre-existing fd for /dev/input/event6 13:70
[   253.234] (**) Logitech Tunable RGB Gaming Mouse G502: always reports core events
[   253.234] (**) Option "Device" "/dev/input/event6"
[   253.234] (**) Option "_source" "_driver/libinput"
[   253.234] (II) libinput: Logitech Tunable RGB Gaming Mouse G502: is a virtual subdevice
[   253.234] (**) Option "config_info" "udev:/sys/devices/pci0000:00/0000:00:14.0/usb2/2-2/2-2:1.1/0003:046D:C332.0002/input/input16/event6"
[   253.234] (II) XINPUT: Adding extended input device "Logitech Tunable RGB Gaming Mouse G502" (type: KEYBOARD, id 17)
[   331.977] (**) Option "fd" "30"
[   331.977] (II) event3  - Power Button: device removed
[   331.977] (**) Option "fd" "33"
[   331.977] (II) event0  - Power Button: device removed
[   331.977] (**) Option "fd" "34"
[   331.977] (II) event1  - Sleep Button: device removed
[   331.977] (**) Option "fd" "35"
[   331.977] (II) event5  - Logitech Gaming Mouse G502: device removed
[   331.977] (**) Option "fd" "36"
[   331.978] (**) Option "fd" "37"
[   331.978] (II) event7  - Logitech USB Keyboard: device removed
[   331.978] (**) Option "fd" "38"
[   331.978] (II) event8  - Logitech USB Keyboard Consumer Control: device removed
[   331.978] (**) Option "fd" "39"
[   331.978] (II) event9  - Logitech USB Keyboard System Control: device removed
[   331.978] (**) Option "fd" "40"
[   331.978] (II) event11 - Chicony USB 2.0 Camera: Chicony: device removed
[   331.978] (**) Option "fd" "41"
[   331.978] (II) event4  - AT Translated Set 2 keyboard: device removed
[   331.978] (**) Option "fd" "42"
[   331.978] (II) event14 - ETPS/2 Elantech Touchpad: device removed
[   331.979] (**) Option "fd" "36"
[   331.979] (II) event6  - Logitech Tunable RGB Gaming Mouse G502: device removed
[   331.994] (II) systemd-logind: got pause for 13:73
[   331.994] (II) systemd-logind: got pause for 13:78
[   331.994] (II) systemd-logind: got pause for 13:70
[   331.994] (II) systemd-logind: got pause for 13:67
[   331.994] (II) systemd-logind: got pause for 13:69
[   331.994] (II) systemd-logind: got pause for 13:72
[   331.994] (II) systemd-logind: got pause for 13:64
[   331.994] (II) systemd-logind: got pause for 13:65
[   331.994] (II) systemd-logind: got pause for 13:71
[   331.994] (II) systemd-logind: got pause for 13:75
[   331.994] (II) systemd-logind: got pause for 13:68
[   539.895] (II) UnloadModule: "libinput"
[   539.895] (II) systemd-logind: not releasing fd for 13:70, still in use
[   539.895] (II) UnloadModule: "libinput"
[   539.895] (II) systemd-logind: releasing fd for 13:78
[   539.937] (II) UnloadModule: "libinput"
[   539.937] (II) systemd-logind: releasing fd for 13:68
[   539.953] (II) UnloadModule: "libinput"
[   539.953] (II) systemd-logind: releasing fd for 13:75
[   539.979] (II) UnloadModule: "libinput"
[   539.979] (II) systemd-logind: releasing fd for 13:73
[   539.996] (II) UnloadModule: "libinput"
[   539.996] (II) systemd-logind: releasing fd for 13:72
[   540.046] (II) UnloadModule: "libinput"
[   540.046] (II) systemd-logind: releasing fd for 13:71
[   540.066] (II) UnloadModule: "libinput"
[   540.066] (II) systemd-logind: releasing fd for 13:70
[   540.106] (II) UnloadModule: "libinput"
[   540.106] (II) systemd-logind: releasing fd for 13:69
[   540.160] (II) UnloadModule: "libinput"
[   540.160] (II) systemd-logind: releasing fd for 13:65
[   540.186] (II) UnloadModule: "libinput"
[   540.186] (II) systemd-logind: releasing fd for 13:64
[   540.225] (II) UnloadModule: "libinput"
[   540.225] (II) systemd-logind: releasing fd for 13:67
[   540.290] (II) NVIDIA(GPU-0): Deleting GPU-0
[   540.291] (WW) xf86CloseConsole: KDSETMODE failed: Input/output error
[   540.291] (WW) xf86CloseConsole: VT_GETMODE failed: Input/output error
[   540.291] (WW) xf86CloseConsole: VT_ACTIVATE failed: Input/output error
[   540.292] (II) Server terminated successfully (0). Closing log file.
