[     4.909] 
X.Org X Server 1.20.5
X Protocol Version 11, Revision 0
[     4.909] Build Operating System: Linux Arch Linux
[     4.909] Current Operating System: Linux ljArch 5.2.13-arch1-1-ARCH #1 SMP PREEMPT Fri Sep 6 17:52:33 UTC 2019 x86_64
[     4.909] Kernel command line: initrd=\intel-ucode.img initrd=\initramfs-linux.img root=LABEL=ROOT rw
[     4.909] Build Date: 30 June 2019  09:52:01AM
[     4.909]  
[     4.909] Current version of pixman: 0.38.4
[     4.909] 	Before reporting problems, check http://wiki.x.org
	to make sure that you have the latest version.
[     4.909] Markers: (--) probed, (**) from config file, (==) default setting,
	(++) from command line, (!!) notice, (II) informational,
	(WW) warning, (EE) error, (NI) not implemented, (??) unknown.
[     4.909] (==) Log file: "/var/log/Xorg.0.log", Time: Fri Sep 13 19:20:52 2019
[     4.909] (==) Using config file: "/etc/X11/xorg.conf"
[     4.909] (==) Using config directory: "/etc/X11/xorg.conf.d"
[     4.909] (==) Using system config directory "/usr/share/X11/xorg.conf.d"
[     4.910] (==) ServerLayout "Layout0"
[     4.910] (**) |-->Screen "Screen0" (0)
[     4.910] (**) |   |-->Monitor "Monitor0"
[     4.911] (**) |   |-->Device "Device0"
[     4.911] (**) |   |-->GPUDevice "Device0"
[     4.911] (**) |-->Input Device "Keyboard0"
[     4.911] (**) |-->Input Device "Mouse0"
[     4.911] (==) Automatically adding devices
[     4.911] (==) Automatically enabling devices
[     4.911] (==) Automatically adding GPU devices
[     4.911] (==) Automatically binding GPU devices
[     4.911] (==) Max clients allowed: 256, resource mask: 0x1fffff
[     4.912] (WW) `fonts.dir' not found (or not valid) in "/usr/share/fonts/misc".
[     4.912] 	Entry deleted from font path.
[     4.912] 	(Run 'mkfontdir' on "/usr/share/fonts/misc").
[     4.912] (WW) The directory "/usr/share/fonts/TTF" does not exist.
[     4.912] 	Entry deleted from font path.
[     4.912] (WW) The directory "/usr/share/fonts/OTF" does not exist.
[     4.912] 	Entry deleted from font path.
[     4.912] (WW) The directory "/usr/share/fonts/Type1" does not exist.
[     4.912] 	Entry deleted from font path.
[     4.913] (==) FontPath set to:
	/usr/share/fonts/100dpi,
	/usr/share/fonts/75dpi
[     4.913] (==) ModulePath set to "/usr/lib/xorg/modules"
[     4.913] (WW) Hotplugging is on, devices using drivers 'kbd', 'mouse' or 'vmmouse' will be disabled.
[     4.913] (WW) Disabling Keyboard0
[     4.913] (WW) Disabling Mouse0
[     4.913] (II) Module ABI versions:
[     4.913] 	X.Org ANSI C Emulation: 0.4
[     4.913] 	X.Org Video Driver: 24.0
[     4.913] 	X.Org XInput driver : 24.1
[     4.913] 	X.Org Server Extension : 10.0
[     4.913] (++) using VT number 7

[     4.913] (II) systemd-logind: logind integration requires -keeptty and -keeptty was not provided, disabling logind integration
[     4.914] (II) xfree86: Adding drm device (/dev/dri/card0)
[     4.914] (**) OutputClass "nvidia" ModulePath extended to "/usr/lib/nvidia/xorg,/usr/lib/xorg/modules,/usr/lib/xorg/modules"
[     4.914] (**) OutputClass "nvidia" setting /dev/dri/card0 as PrimaryGPU
[     4.915] (--) PCI: (0@0:2:0) 8086:0416:1558:6501 rev 6, Mem @ 0xf7400000/4194304, 0xd0000000/268435456, I/O @ 0x0000f000/64, BIOS @ 0x????????/131072
[     4.915] (--) PCI:*(1@0:0:0) 10de:1391:1558:6501 rev 162, Mem @ 0xf6000000/16777216, 0xe0000000/268435456, 0xf0000000/33554432, I/O @ 0x0000e000/128, BIOS @ 0x????????/524288
[     4.915] (WW) Open ACPI failed (/var/run/acpid.socket) (No such file or directory)
[     4.915] (II) "glx" will be loaded by default.
[     4.915] (II) LoadModule: "modesetting"
[     4.917] (II) Loading /usr/lib/xorg/modules/drivers/modesetting_drv.so
[     4.918] (II) Module modesetting: vendor="X.Org Foundation"
[     4.919] 	compiled for 1.20.5, module version = 1.20.5
[     4.919] 	Module class: X.Org Video Driver
[     4.919] 	ABI class: X.Org Video Driver, version 24.0
[     4.919] (II) LoadModule: "glx"
[     4.919] (II) Loading /usr/lib/xorg/modules/extensions/libglx.so
[     4.928] (II) Module glx: vendor="X.Org Foundation"
[     4.928] 	compiled for 1.20.5, module version = 1.0.0
[     4.928] 	ABI class: X.Org Server Extension, version 10.0
[     4.928] (II) LoadModule: "nvidia"
[     4.928] (II) Loading /usr/lib/xorg/modules/drivers/nvidia_drv.so
[     4.933] (II) Module nvidia: vendor="NVIDIA Corporation"
[     4.933] 	compiled for 1.6.99.901, module version = 1.0.0
[     4.933] 	Module class: X.Org Video Driver
[     4.934] (II) modesetting: Driver for Modesetting Kernel Drivers: kms
[     4.934] (II) NVIDIA dlloader X Driver  435.21  Sun Aug 25 08:17:08 CDT 2019
[     4.934] (II) NVIDIA Unified Driver for all Supported NVIDIA GPUs
[     4.938] (WW) Falling back to old probe method for modesetting
[     4.939] (II) Loading sub module "fb"
[     4.939] (II) LoadModule: "fb"
[     4.939] (II) Loading /usr/lib/xorg/modules/libfb.so
[     4.939] (II) Module fb: vendor="X.Org Foundation"
[     4.939] 	compiled for 1.20.5, module version = 1.0.0
[     4.939] 	ABI class: X.Org ANSI C Emulation, version 0.4
[     4.939] (II) Loading sub module "wfb"
[     4.939] (II) LoadModule: "wfb"
[     4.939] (II) Loading /usr/lib/xorg/modules/libwfb.so
[     4.940] (II) Module wfb: vendor="X.Org Foundation"
[     4.940] 	compiled for 1.20.5, module version = 1.0.0
[     4.940] 	ABI class: X.Org ANSI C Emulation, version 0.4
[     4.940] (II) Loading sub module "ramdac"
[     4.940] (II) LoadModule: "ramdac"
[     4.940] (II) Module "ramdac" already built-in
[     4.941] (**) NVIDIA(0): Depth 24, (--) framebuffer bpp 32
[     4.941] (==) NVIDIA(0): RGB weight 888
[     4.941] (==) NVIDIA(0): Default visual is TrueColor
[     4.941] (==) NVIDIA(0): Using gamma correction (1.0, 1.0, 1.0)
[     4.941] (II) Applying OutputClass "nvidia" options to /dev/dri/card0
[     4.941] (**) NVIDIA(0): Option "AllowEmptyInitialConfiguration"
[     4.941] (**) NVIDIA(0): Enabling 2D acceleration
[     4.942] (II) Loading sub module "glxserver_nvidia"
[     4.942] (II) LoadModule: "glxserver_nvidia"
[     4.942] (II) Loading /usr/lib/nvidia/xorg/libglxserver_nvidia.so
[     4.989] (II) Module glxserver_nvidia: vendor="NVIDIA Corporation"
[     4.989] 	compiled for 1.6.99.901, module version = 1.0.0
[     4.989] 	Module class: X.Org Server Extension
[     4.990] (II) NVIDIA GLX Module  435.21  Sun Aug 25 08:14:27 CDT 2019
[     4.991] (II) NVIDIA: The X server does not support PRIME Render Offload.
[     4.992] (II) NVIDIA(0): NVIDIA GPU GeForce GTX 850M (GM107-A) at PCI:1:0:0 (GPU-0)
[     4.992] (--) NVIDIA(0): Memory: 2097152 kBytes
[     4.992] (--) NVIDIA(0): VideoBIOS: 82.07.19.00.09
[     4.992] (II) NVIDIA(0): Detected PCI Express Link width: 16X
[     4.992] (II) NVIDIA(0): Validated MetaModes:
[     4.992] (II) NVIDIA(0):     "NULL"
[     4.992] (II) NVIDIA(0): Virtual screen size determined to be 640 x 480
[     4.992] (WW) NVIDIA(0): Unable to get display device for DPI computation.
[     4.992] (==) NVIDIA(0): DPI set to (75, 75); computed from built-in default
[     4.992] (II) UnloadModule: "modesetting"
[     4.992] (II) Unloading modesetting
[     4.993] (II) NVIDIA: Using 6144.00 MB of virtual memory for indirect memory
[     4.993] (II) NVIDIA:     access.
[     4.995] (II) NVIDIA(0): ACPI: failed to connect to the ACPI event daemon; the daemon
[     4.995] (II) NVIDIA(0):     may not be running or the "AcpidSocketPath" X
[     4.995] (II) NVIDIA(0):     configuration option may not be set correctly.  When the
[     4.995] (II) NVIDIA(0):     ACPI event daemon is available, the NVIDIA X driver will
[     4.995] (II) NVIDIA(0):     try to use it to receive ACPI event notifications.  For
[     4.995] (II) NVIDIA(0):     details, please see the "ConnectToAcpid" and
[     4.995] (II) NVIDIA(0):     "AcpidSocketPath" X configuration options in Appendix B: X
[     4.995] (II) NVIDIA(0):     Config Options in the README.
[     5.014] (II) NVIDIA(0): Setting mode "NULL"
[     5.018] (==) NVIDIA(0): Disabling shared memory pixmaps
[     5.018] (==) NVIDIA(0): Backing store enabled
[     5.018] (==) NVIDIA(0): Silken mouse disabled
[     5.018] (**) NVIDIA(0): DPMS enabled
[     5.019] (WW) NVIDIA(0): Option "PrimaryGPU" is not used
[     5.019] (II) Loading sub module "dri2"
[     5.019] (II) LoadModule: "dri2"
[     5.019] (II) Module "dri2" already built-in
[     5.019] (II) NVIDIA(0): [DRI2] Setup complete
[     5.019] (II) NVIDIA(0): [DRI2]   VDPAU driver: nvidia
[     5.019] (II) Initializing extension Generic Event Extension
[     5.019] (II) Initializing extension SHAPE
[     5.019] (II) Initializing extension MIT-SHM
[     5.019] (II) Initializing extension XInputExtension
[     5.019] (II) Initializing extension XTEST
[     5.019] (II) Initializing extension BIG-REQUESTS
[     5.019] (II) Initializing extension SYNC
[     5.020] (II) Initializing extension XKEYBOARD
[     5.020] (II) Initializing extension XC-MISC
[     5.020] (II) Initializing extension SECURITY
[     5.020] (II) Initializing extension XFIXES
[     5.020] (II) Initializing extension RENDER
[     5.020] (II) Initializing extension RANDR
[     5.020] (II) Initializing extension COMPOSITE
[     5.020] (II) Initializing extension DAMAGE
[     5.020] (II) Initializing extension MIT-SCREEN-SAVER
[     5.020] (II) Initializing extension DOUBLE-BUFFER
[     5.020] (II) Initializing extension RECORD
[     5.020] (II) Initializing extension DPMS
[     5.020] (II) Initializing extension Present
[     5.021] (II) Initializing extension DRI3
[     5.021] (II) Initializing extension X-Resource
[     5.021] (II) Initializing extension XVideo
[     5.021] (II) Initializing extension XVideo-MotionCompensation
[     5.021] (II) Initializing extension GLX
[     5.021] (II) Initializing extension GLX
[     5.021] (II) Indirect GLX disabled.
[     5.021] (II) GLX: Another vendor is already registered for screen 0
[     5.021] (II) Initializing extension XFree86-VidModeExtension
[     5.021] (II) Initializing extension XFree86-DGA
[     5.021] (II) Initializing extension XFree86-DRI
[     5.021] (II) Initializing extension DRI2
[     5.021] (II) Initializing extension NV-GLX
[     5.021] (II) Initializing extension NV-CONTROL
[     5.089] (II) config/udev: Adding input device Power Button (/dev/input/event3)
[     5.089] (**) Power Button: Applying InputClass "libinput keyboard catchall"
[     5.089] (II) LoadModule: "libinput"
[     5.089] (II) Loading /usr/lib/xorg/modules/input/libinput_drv.so
[     5.093] (II) Module libinput: vendor="X.Org Foundation"
[     5.093] 	compiled for 1.20.5, module version = 0.29.0
[     5.093] 	Module class: X.Org XInput Driver
[     5.093] 	ABI class: X.Org XInput driver, version 24.1
[     5.093] (II) Using input driver 'libinput' for 'Power Button'
[     5.093] (**) Power Button: always reports core events
[     5.093] (**) Option "Device" "/dev/input/event3"
[     5.093] (**) Option "_source" "server/udev"
[     5.096] (II) event3  - Power Button: is tagged by udev as: Keyboard
[     5.096] (II) event3  - Power Button: device is a keyboard
[     5.096] (II) event3  - Power Button: device removed
[     5.133] (**) Option "config_info" "udev:/sys/devices/LNXSYSTM:00/LNXPWRBN:00/input/input3/event3"
[     5.133] (II) XINPUT: Adding extended input device "Power Button" (type: KEYBOARD, id 6)
[     5.133] (II) event3  - Power Button: is tagged by udev as: Keyboard
[     5.133] (II) event3  - Power Button: device is a keyboard
[     5.134] (II) config/udev: Adding input device Power Button (/dev/input/event0)
[     5.134] (**) Power Button: Applying InputClass "libinput keyboard catchall"
[     5.134] (II) Using input driver 'libinput' for 'Power Button'
[     5.134] (**) Power Button: always reports core events
[     5.134] (**) Option "Device" "/dev/input/event0"
[     5.134] (**) Option "_source" "server/udev"
[     5.134] (II) event0  - Power Button: is tagged by udev as: Keyboard
[     5.134] (II) event0  - Power Button: device is a keyboard
[     5.134] (II) event0  - Power Button: device removed
[     5.173] (**) Option "config_info" "udev:/sys/devices/LNXSYSTM:00/LNXSYBUS:00/PNP0C0C:00/input/input0/event0"
[     5.173] (II) XINPUT: Adding extended input device "Power Button" (type: KEYBOARD, id 7)
[     5.173] (II) event0  - Power Button: is tagged by udev as: Keyboard
[     5.173] (II) event0  - Power Button: device is a keyboard
[     5.173] (II) config/udev: Adding input device Lid Switch (/dev/input/event2)
[     5.173] (II) No input driver specified, ignoring this device.
[     5.173] (II) This device may have been added with another device file.
[     5.174] (II) config/udev: Adding input device Sleep Button (/dev/input/event1)
[     5.174] (**) Sleep Button: Applying InputClass "libinput keyboard catchall"
[     5.174] (II) Using input driver 'libinput' for 'Sleep Button'
[     5.174] (**) Sleep Button: always reports core events
[     5.174] (**) Option "Device" "/dev/input/event1"
[     5.174] (**) Option "_source" "server/udev"
[     5.174] (II) event1  - Sleep Button: is tagged by udev as: Keyboard
[     5.174] (II) event1  - Sleep Button: device is a keyboard
[     5.174] (II) event1  - Sleep Button: device removed
[     5.203] (**) Option "config_info" "udev:/sys/devices/LNXSYSTM:00/LNXSYBUS:00/PNP0C0E:00/input/input1/event1"
[     5.203] (II) XINPUT: Adding extended input device "Sleep Button" (type: KEYBOARD, id 8)
[     5.203] (II) event1  - Sleep Button: is tagged by udev as: Keyboard
[     5.203] (II) event1  - Sleep Button: device is a keyboard
[     5.204] (II) config/udev: Adding input device Logitech Gaming Mouse G502 (/dev/input/event5)
[     5.204] (**) Logitech Gaming Mouse G502: Applying InputClass "libinput pointer catchall"
[     5.204] (II) Using input driver 'libinput' for 'Logitech Gaming Mouse G502'
[     5.204] (**) Logitech Gaming Mouse G502: always reports core events
[     5.204] (**) Option "Device" "/dev/input/event5"
[     5.204] (**) Option "_source" "server/udev"
[     5.260] (II) event5  - Logitech Gaming Mouse G502: is tagged by udev as: Mouse
[     5.260] (II) event5  - Logitech Gaming Mouse G502: device set to 2400 DPI
[     5.260] (II) event5  - Logitech Gaming Mouse G502: device is a pointer
[     5.260] (II) event5  - Logitech Gaming Mouse G502: device removed
[     5.333] (**) Option "config_info" "udev:/sys/devices/pci0000:00/0000:00:14.0/usb2/2-2/2-2:1.0/0003:046D:C332.0001/input/input15/event5"
[     5.333] (II) XINPUT: Adding extended input device "Logitech Gaming Mouse G502" (type: MOUSE, id 9)
[     5.333] (**) Option "AccelerationScheme" "none"
[     5.333] (**) Logitech Gaming Mouse G502: (accel) selected scheme none/0
[     5.333] (**) Logitech Gaming Mouse G502: (accel) acceleration factor: 2.000
[     5.333] (**) Logitech Gaming Mouse G502: (accel) acceleration threshold: 4
[     5.390] (II) event5  - Logitech Gaming Mouse G502: is tagged by udev as: Mouse
[     5.390] (II) event5  - Logitech Gaming Mouse G502: device set to 2400 DPI
[     5.390] (II) event5  - Logitech Gaming Mouse G502: device is a pointer
[     5.391] (II) config/udev: Adding input device Logitech Gaming Mouse G502 (/dev/input/mouse0)
[     5.391] (II) No input driver specified, ignoring this device.
[     5.391] (II) This device may have been added with another device file.
[     5.391] (II) config/udev: Adding input device Logitech Tunable RGB Gaming Mouse G502 (/dev/input/event8)
[     5.392] (**) Logitech Tunable RGB Gaming Mouse G502: Applying InputClass "libinput keyboard catchall"
[     5.392] (II) Using input driver 'libinput' for 'Logitech Tunable RGB Gaming Mouse G502'
[     5.392] (**) Logitech Tunable RGB Gaming Mouse G502: always reports core events
[     5.392] (**) Option "Device" "/dev/input/event8"
[     5.392] (**) Option "_source" "server/udev"
[     5.393] (II) event8  - Logitech Tunable RGB Gaming Mouse G502: is tagged by udev as: Keyboard
[     5.393] (II) event8  - Logitech Tunable RGB Gaming Mouse G502: device is a keyboard
[     5.393] (II) event8  - Logitech Tunable RGB Gaming Mouse G502: device removed
[     5.466] (II) libinput: Logitech Tunable RGB Gaming Mouse G502: needs a virtual subdevice
[     5.466] (**) Option "config_info" "udev:/sys/devices/pci0000:00/0000:00:14.0/usb2/2-2/2-2:1.1/0003:046D:C332.0002/input/input19/event8"
[     5.466] (II) XINPUT: Adding extended input device "Logitech Tunable RGB Gaming Mouse G502" (type: MOUSE, id 10)
[     5.466] (**) Option "AccelerationScheme" "none"
[     5.466] (**) Logitech Tunable RGB Gaming Mouse G502: (accel) selected scheme none/0
[     5.466] (**) Logitech Tunable RGB Gaming Mouse G502: (accel) acceleration factor: 2.000
[     5.466] (**) Logitech Tunable RGB Gaming Mouse G502: (accel) acceleration threshold: 4
[     5.467] (II) event8  - Logitech Tunable RGB Gaming Mouse G502: is tagged by udev as: Keyboard
[     5.467] (II) event8  - Logitech Tunable RGB Gaming Mouse G502: device is a keyboard
[     5.467] (II) config/udev: Adding input device Logitech USB Keyboard (/dev/input/event6)
[     5.467] (**) Logitech USB Keyboard: Applying InputClass "libinput keyboard catchall"
[     5.467] (II) Using input driver 'libinput' for 'Logitech USB Keyboard'
[     5.467] (**) Logitech USB Keyboard: always reports core events
[     5.467] (**) Option "Device" "/dev/input/event6"
[     5.467] (**) Option "_source" "server/udev"
[     5.468] (II) event6  - Logitech USB Keyboard: is tagged by udev as: Keyboard
[     5.468] (II) event6  - Logitech USB Keyboard: device is a keyboard
[     5.468] (II) event6  - Logitech USB Keyboard: device removed
[     5.499] (**) Option "config_info" "udev:/sys/devices/pci0000:00/0000:00:14.0/usb2/2-6/2-6:1.0/0003:046D:C31C.0003/input/input16/event6"
[     5.499] (II) XINPUT: Adding extended input device "Logitech USB Keyboard" (type: KEYBOARD, id 11)
[     5.500] (II) event6  - Logitech USB Keyboard: is tagged by udev as: Keyboard
[     5.500] (II) event6  - Logitech USB Keyboard: device is a keyboard
[     5.501] (II) config/udev: Adding input device Logitech USB Keyboard Consumer Control (/dev/input/event7)
[     5.501] (**) Logitech USB Keyboard Consumer Control: Applying InputClass "libinput keyboard catchall"
[     5.501] (II) Using input driver 'libinput' for 'Logitech USB Keyboard Consumer Control'
[     5.501] (**) Logitech USB Keyboard Consumer Control: always reports core events
[     5.501] (**) Option "Device" "/dev/input/event7"
[     5.501] (**) Option "_source" "server/udev"
[     5.502] (II) event7  - Logitech USB Keyboard Consumer Control: is tagged by udev as: Keyboard
[     5.502] (II) event7  - Logitech USB Keyboard Consumer Control: device is a keyboard
[     5.502] (II) event7  - Logitech USB Keyboard Consumer Control: device removed
[     5.606] (**) Option "config_info" "udev:/sys/devices/pci0000:00/0000:00:14.0/usb2/2-6/2-6:1.1/0003:046D:C31C.0004/input/input17/event7"
[     5.606] (II) XINPUT: Adding extended input device "Logitech USB Keyboard Consumer Control" (type: KEYBOARD, id 12)
[     5.607] (II) event7  - Logitech USB Keyboard Consumer Control: is tagged by udev as: Keyboard
[     5.607] (II) event7  - Logitech USB Keyboard Consumer Control: device is a keyboard
[     5.608] (II) config/udev: Adding input device Logitech USB Keyboard System Control (/dev/input/event9)
[     5.608] (**) Logitech USB Keyboard System Control: Applying InputClass "libinput keyboard catchall"
[     5.608] (II) Using input driver 'libinput' for 'Logitech USB Keyboard System Control'
[     5.608] (**) Logitech USB Keyboard System Control: always reports core events
[     5.608] (**) Option "Device" "/dev/input/event9"
[     5.608] (**) Option "_source" "server/udev"
[     5.609] (II) event9  - Logitech USB Keyboard System Control: is tagged by udev as: Keyboard
[     5.609] (II) event9  - Logitech USB Keyboard System Control: device is a keyboard
[     5.609] (II) event9  - Logitech USB Keyboard System Control: device removed
[     5.652] (**) Option "config_info" "udev:/sys/devices/pci0000:00/0000:00:14.0/usb2/2-6/2-6:1.1/0003:046D:C31C.0004/input/input18/event9"
[     5.653] (II) XINPUT: Adding extended input device "Logitech USB Keyboard System Control" (type: KEYBOARD, id 13)
[     5.653] (II) event9  - Logitech USB Keyboard System Control: is tagged by udev as: Keyboard
[     5.653] (II) event9  - Logitech USB Keyboard System Control: device is a keyboard
[     5.654] (II) config/udev: Adding input device Chicony USB 2.0 Camera: Chicony (/dev/input/event11)
[     5.654] (**) Chicony USB 2.0 Camera: Chicony: Applying InputClass "libinput keyboard catchall"
[     5.654] (II) Using input driver 'libinput' for 'Chicony USB 2.0 Camera: Chicony'
[     5.654] (**) Chicony USB 2.0 Camera: Chicony: always reports core events
[     5.654] (**) Option "Device" "/dev/input/event11"
[     5.654] (**) Option "_source" "server/udev"
[     5.655] (II) event11 - Chicony USB 2.0 Camera: Chicony: is tagged by udev as: Keyboard
[     5.655] (II) event11 - Chicony USB 2.0 Camera: Chicony: device is a keyboard
[     5.655] (II) event11 - Chicony USB 2.0 Camera: Chicony: device removed
[     5.746] (**) Option "config_info" "udev:/sys/devices/pci0000:00/0000:00:14.0/usb2/2-8/2-8:1.0/input/input23/event11"
[     5.746] (II) XINPUT: Adding extended input device "Chicony USB 2.0 Camera: Chicony" (type: KEYBOARD, id 14)
[     5.747] (II) event11 - Chicony USB 2.0 Camera: Chicony: is tagged by udev as: Keyboard
[     5.747] (II) event11 - Chicony USB 2.0 Camera: Chicony: device is a keyboard
[     5.747] (II) config/udev: Adding input device HDA Intel PCH Mic (/dev/input/event12)
[     5.747] (II) No input driver specified, ignoring this device.
[     5.747] (II) This device may have been added with another device file.
[     5.747] (II) config/udev: Adding input device HDA Intel PCH Front Headphone (/dev/input/event13)
[     5.747] (II) No input driver specified, ignoring this device.
[     5.747] (II) This device may have been added with another device file.
[     5.748] (II) config/udev: Adding input device AT Translated Set 2 keyboard (/dev/input/event4)
[     5.748] (**) AT Translated Set 2 keyboard: Applying InputClass "libinput keyboard catchall"
[     5.748] (II) Using input driver 'libinput' for 'AT Translated Set 2 keyboard'
[     5.748] (**) AT Translated Set 2 keyboard: always reports core events
[     5.748] (**) Option "Device" "/dev/input/event4"
[     5.748] (**) Option "_source" "server/udev"
[     5.748] (II) event4  - AT Translated Set 2 keyboard: is tagged by udev as: Keyboard
[     5.748] (II) event4  - AT Translated Set 2 keyboard: device is a keyboard
[     5.749] (II) event4  - AT Translated Set 2 keyboard: device removed
[     5.776] (**) Option "config_info" "udev:/sys/devices/platform/i8042/serio0/input/input4/event4"
[     5.776] (II) XINPUT: Adding extended input device "AT Translated Set 2 keyboard" (type: KEYBOARD, id 15)
[     5.776] (II) event4  - AT Translated Set 2 keyboard: is tagged by udev as: Keyboard
[     5.777] (II) event4  - AT Translated Set 2 keyboard: device is a keyboard
[     5.777] (II) config/udev: Adding input device ETPS/2 Elantech Touchpad (/dev/input/event14)
[     5.777] (**) ETPS/2 Elantech Touchpad: Applying InputClass "libinput touchpad catchall"
[     5.777] (II) Using input driver 'libinput' for 'ETPS/2 Elantech Touchpad'
[     5.777] (**) ETPS/2 Elantech Touchpad: always reports core events
[     5.777] (**) Option "Device" "/dev/input/event14"
[     5.777] (**) Option "_source" "server/udev"
[     5.778] (II) event14 - ETPS/2 Elantech Touchpad: is tagged by udev as: Touchpad
[     5.778] (II) event14 - ETPS/2 Elantech Touchpad: device is a touchpad
[     5.778] (II) event14 - ETPS/2 Elantech Touchpad: device removed
[     5.846] (**) Option "config_info" "udev:/sys/devices/platform/i8042/serio2/input/input22/event14"
[     5.846] (II) XINPUT: Adding extended input device "ETPS/2 Elantech Touchpad" (type: TOUCHPAD, id 16)
[     5.846] (**) Option "AccelerationScheme" "none"
[     5.846] (**) ETPS/2 Elantech Touchpad: (accel) selected scheme none/0
[     5.846] (**) ETPS/2 Elantech Touchpad: (accel) acceleration factor: 2.000
[     5.846] (**) ETPS/2 Elantech Touchpad: (accel) acceleration threshold: 4
[     5.847] (II) event14 - ETPS/2 Elantech Touchpad: is tagged by udev as: Touchpad
[     5.848] (II) event14 - ETPS/2 Elantech Touchpad: device is a touchpad
[     5.848] (II) config/udev: Adding input device ETPS/2 Elantech Touchpad (/dev/input/mouse1)
[     5.848] (II) No input driver specified, ignoring this device.
[     5.848] (II) This device may have been added with another device file.
[     5.849] (II) config/udev: Adding input device PC Speaker (/dev/input/event10)
[     5.849] (II) No input driver specified, ignoring this device.
[     5.849] (II) This device may have been added with another device file.
[     5.851] (**) Logitech Tunable RGB Gaming Mouse G502: Applying InputClass "libinput keyboard catchall"
[     5.851] (II) Using input driver 'libinput' for 'Logitech Tunable RGB Gaming Mouse G502'
[     5.851] (**) Logitech Tunable RGB Gaming Mouse G502: always reports core events
[     5.851] (**) Option "Device" "/dev/input/event8"
[     5.851] (**) Option "_source" "_driver/libinput"
[     5.851] (II) libinput: Logitech Tunable RGB Gaming Mouse G502: is a virtual subdevice
[     5.851] (**) Option "config_info" "udev:/sys/devices/pci0000:00/0000:00:14.0/usb2/2-2/2-2:1.1/0003:046D:C332.0002/input/input19/event8"
[     5.851] (II) XINPUT: Adding extended input device "Logitech Tunable RGB Gaming Mouse G502" (type: KEYBOARD, id 17)
[   186.547] (II) event3  - Power Button: device removed
[   186.573] (II) event0  - Power Button: device removed
[   186.599] (II) event1  - Sleep Button: device removed
[   186.626] (II) event5  - Logitech Gaming Mouse G502: device removed
[   186.693] (II) event6  - Logitech USB Keyboard: device removed
[   186.719] (II) event7  - Logitech USB Keyboard Consumer Control: device removed
[   186.773] (II) event9  - Logitech USB Keyboard System Control: device removed
[   186.799] (II) event11 - Chicony USB 2.0 Camera: Chicony: device removed
[   186.866] (II) event4  - AT Translated Set 2 keyboard: device removed
[   186.893] (II) event14 - ETPS/2 Elantech Touchpad: device removed
[   186.946] (II) event8  - Logitech Tunable RGB Gaming Mouse G502: device removed
